dynamicgrid/build/outputs/logs/manifest-merger-debug-report.txt
-- Merging decision tree log ---
manifest
ADDED from DragDropList/dynamicgrid/AndroidManifest.xml:2:1-9:12
INJECTED from DragDropList/dynamicgrid/AndroidManifest.xml:2:1-9:12
INJECTED from DragDropList/dynamicgrid/AndroidManifest.xml:2:1-9:12
INJECTED from DragDropList/dynamicgrid/AndroidManifest.xml:2:1-9:12
INJECTED from DragDropList/dynamicgrid/AndroidManifest.xml:2:1-9:12
INJECTED from DragDropList/dynamicgrid/AndroidManifest.xml:2:1-9:12
INJECTED from DragDropList/dynamicgrid/AndroidManifest.xml:2:1-9:12
	package
		ADDED from DragDropList/dynamicgrid/AndroidManifest.xml:3:11-44
		INJECTED from DragDropList/dynamicgrid/AndroidManifest.xml
		INJECTED from DragDropList/dynamicgrid/AndroidManifest.xml
	android:versionName
		ADDED from DragDropList/dynamicgrid/AndroidManifest.xml:5:11-36
		INJECTED from DragDropList/dynamicgrid/AndroidManifest.xml
		INJECTED from DragDropList/dynamicgrid/AndroidManifest.xml
	xmlns:android
		ADDED from DragDropList/dynamicgrid/AndroidManifest.xml:2:11-69
	android:versionCode
		ADDED from DragDropList/dynamicgrid/AndroidManifest.xml:4:11-34
		INJECTED from DragDropList/dynamicgrid/AndroidManifest.xml
		INJECTED from DragDropList/dynamicgrid/AndroidManifest.xml
uses-sdk
INJECTED from DragDropList/dynamicgrid/AndroidManifest.xml reason: use-sdk injection requested
INJECTED from DragDropList/dynamicgrid/AndroidManifest.xml
INJECTED from DragDropList/dynamicgrid/AndroidManifest.xml
INJECTED from DragDropList/dynamicgrid/AndroidManifest.xml
INJECTED from DragDropList/dynamicgrid/AndroidManifest.xml
	android:targetSdkVersion
		INJECTED from DragDropList/dynamicgrid/AndroidManifest.xml
		ADDED from DragDropList/dynamicgrid/AndroidManifest.xml
		INJECTED from DragDropList/dynamicgrid/AndroidManifest.xml
	android:minSdkVersion
		INJECTED from DragDropList/dynamicgrid/AndroidManifest.xml
		ADDED from DragDropList/dynamicgrid/AndroidManifest.xml
		INJECTED from DragDropList/dynamicgrid/AndroidManifest.xml